#
# There is insufficient memory for the Java Runtime Environment to continue.
# Native memory allocation (malloc) failed to allocate 1782944 bytes for Chunk::new
# Possible reasons:
#   The system is out of physical RAM or swap space
#   In 32 bit mode, the process size limit was hit
# Possible solutions:
#   Reduce memory load on the system
#   Increase physical memory or swap space
#   Check if swap backing store is full
#   Use 64 bit Java on a 64 bit OS
#   Decrease Java heap size (-Xmx/-Xms)
#   Decrease number of Java threads
#   Decrease Java thread stack sizes (-Xss)
#   Set larger code cache with -XX:ReservedCodeCacheSize=
# This output file may be truncated or incomplete.
#
#  Out of Memory Error (allocation.cpp:390), pid=27636, tid=0x0000000000006564
#
# JRE version: OpenJDK Runtime Environment (8.0_152-b02) (build 1.8.0_152-release-1024-b02)
# Java VM: OpenJDK 64-Bit Server VM (25.152-b02 mixed mode windows-amd64 compressed oops)
# Failed to write core dump. Minidumps are not enabled by default on client versions of Windows
#

---------------  T H R E A D  ---------------

Current thread (0x0000000013302000):  JavaThread "C2 CompilerThread1" daemon [_thread_in_native, id=25956, stack(0x0000000014a50000,0x0000000014b50000)]

Stack: [0x0000000014a50000,0x0000000014b50000]
[error occurred during error reporting (printing stack bounds), id 0xc0000005]

Native frames: (J=compiled Java code, j=interpreted, Vv=VM code, C=native code)


Current CompileTask:
C2:   4294 1333       4       org.objectweb.asm.ClassReader::readCode (3575 bytes)


---------------  P R O C E S S  ---------------

Java Threads: ( => current thread )
  0x0000000014b5c000 JavaThread "Service Thread" daemon [_thread_blocked, id=12516, stack(0x0000000015050000,0x0000000015150000)]
  0x000000001335b800 JavaThread "C1 CompilerThread2" daemon [_thread_blocked, id=19864, stack(0x0000000014f50000,0x0000000015050000)]
=>0x0000000013302000 JavaThread "C2 CompilerThread1" daemon [_thread_in_native, id=25956, stack(0x0000000014a50000,0x0000000014b50000)]
  0x000000001330e000 JavaThread "C2 CompilerThread0" daemon [_thread_in_native, id=17044, stack(0x0000000014950000,0x0000000014a50000)]
  0x000000001330c800 JavaThread "Attach Listener" daemon [_thread_blocked, id=12848, stack(0x0000000014850000,0x0000000014950000)]
  0x000000001330b000 JavaThread "Signal Dispatcher" daemon [_thread_blocked, id=30532, stack(0x0000000014750000,0x0000000014850000)]
  0x0000000002f9e800 JavaThread "Finalizer" daemon [_thread_blocked, id=34740, stack(0x0000000014560000,0x0000000014660000)]
  0x0000000002f98800 JavaThread "Reference Handler" daemon [_thread_blocked, id=3380, stack(0x0000000014460000,0x0000000014560000)]
  0x0000000002ea8000 JavaThread "main" [_thread_in_native, id=22260, stack(0x0000000002da0000,0x0000000002ea0000)]

Other Threads:
  0x00000000132c4800 VMThread [stack: 0x0000000014360000,0x0000000014460000] [id=14224]
  0x0000000014b5e000 WatcherThread [stack: 0x0000000015150000,0x0000000015250000] [id=32344]

VM state:not at safepoint (normal execution)

VM Mutex/Monitor currently owned by a thread: None

Heap:
 PSYoungGen      total 8704K, used 1133K [0x00000000feb00000, 0x0000000100000000, 0x0000000100000000)
  eden space 8192K, 7% used [0x00000000feb00000,0x00000000feba3708,0x00000000ff300000)
  from space 512K, 93% used [0x00000000ff300000,0x00000000ff378000,0x00000000ff380000)
  to   space 7168K, 0% used [0x00000000ff900000,0x00000000ff900000,0x0000000100000000)
 ParOldGen       total 44032K, used 7954K [0x00000000fc000000, 0x00000000feb00000, 0x00000000feb00000)
  object space 44032K, 18% used [0x00000000fc000000,0x00000000fc7c4918,0x00000000feb00000)
 Metaspace       used 7890K, capacity 8136K, committed 8192K, reserved 1056768K
  class space    used 875K, capacity 970K, committed 1024K, reserved 1048576K

Card table byte_map: [0x0000000001390000,0x00000000013c0000] byte_map_base: 0x0000000000bb0000

Marking Bits: (ParMarkBitMap*) 0x0000000076924970
 Begin Bits: [0x0000000012760000, 0x0000000012860000)
 End Bits:   [0x0000000012860000, 0x0000000012960000)

Polling page: 0x0000000001350000

CodeCache: size=245760Kb used=5645Kb max_used=5656Kb free=240115Kb
 bounds [0x0000000002fa0000, 0x0000000003530000, 0x0000000011fa0000]
 total_blobs=1686 nmethods=1353 adapters=246
 compilation: enabled

Compilation events (10 events):
Event: 4.194 Thread 0x000000001335b800 1364       3       sun.nio.fs.WindowsFileSystemProvider::newDirectoryStream (31 bytes)
Event: 4.195 Thread 0x000000001335b800 nmethod 1364 0x0000000003520050 code [0x0000000003520240, 0x0000000003520be8]
Event: 4.195 Thread 0x000000001335b800 1365   !   3       sun.nio.fs.WindowsDirectoryStream::iterator (66 bytes)
Event: 4.195 Thread 0x000000001335b800 nmethod 1365 0x0000000003524510 code [0x00000000035246c0, 0x0000000003524c88]
Event: 4.195 Thread 0x000000001335b800 1366       3       sun.nio.fs.WindowsDirectoryStream$WindowsDirectoryIterator::<init> (73 bytes)
Event: 4.196 Thread 0x000000001335b800 nmethod 1366 0x0000000003524f90 code [0x0000000003525180, 0x0000000003525bf8]
Event: 4.286 Thread 0x000000001330e000 nmethod 1335 0x00000000035298d0 code [0x0000000003529ac0, 0x000000000352a748]
Event: 4.286 Thread 0x000000001330e000 1360       4       sun.nio.fs.NativeBuffers::getNativeBufferFromCache (51 bytes)
Event: 4.290 Thread 0x000000001330e000 nmethod 1360 0x000000000351f8d0 code [0x000000000351fa40, 0x000000000351fc98]
Event: 4.290 Thread 0x000000001330e000 1361       4       java.util.ArrayList::add (29 bytes)

GC Heap History (10 events):
Event: 2.535 GC heap before
{Heap before GC invocations=3 (full 0):
 PSYoungGen      total 18944K, used 18931K [0x00000000feb00000, 0x0000000100000000, 0x0000000100000000)
  eden space 16384K, 100% used [0x00000000feb00000,0x00000000ffb00000,0x00000000ffb00000)
  from space 2560K, 99% used [0x00000000ffd80000,0x00000000ffffcf08,0x0000000100000000)
  to   space 2560K, 0% used [0x00000000ffb00000,0x00000000ffb00000,0x00000000ffd80000)
 ParOldGen       total 44032K, used 5128K [0x00000000fc000000, 0x00000000feb00000, 0x00000000feb00000)
  object space 44032K, 11% used [0x00000000fc000000,0x00000000fc5022e8,0x00000000feb00000)
 Metaspace       used 7769K, capacity 8008K, committed 8192K, reserved 1056768K
  class space    used 874K, capacity 970K, committed 1024K, reserved 1048576K
Event: 2.568 GC heap after
Heap after GC invocations=3 (full 0):
 PSYoungGen      total 18944K, used 2547K [0x00000000feb00000, 0x0000000100000000, 0x0000000100000000)
  eden space 16384K, 0% used [0x00000000feb00000,0x00000000feb00000,0x00000000ffb00000)
  from space 2560K, 99% used [0x00000000ffb00000,0x00000000ffd7cf28,0x00000000ffd80000)
  to   space 2560K, 0% used [0x00000000ffd80000,0x00000000ffd80000,0x0000000100000000)
 ParOldGen       total 44032K, used 5698K [0x00000000fc000000, 0x00000000feb00000, 0x00000000feb00000)
  object space 44032K, 12% used [0x00000000fc000000,0x00000000fc5909b0,0x00000000feb00000)
 Metaspace       used 7769K, capacity 8008K, committed 8192K, reserved 1056768K
  class space    used 874K, capacity 970K, committed 1024K, reserved 1048576K
}
Event: 3.089 GC heap before
{Heap before GC invocations=4 (full 0):
 PSYoungGen      total 18944K, used 18931K [0x00000000feb00000, 0x0000000100000000, 0x0000000100000000)
  eden space 16384K, 100% used [0x00000000feb00000,0x00000000ffb00000,0x00000000ffb00000)
  from space 2560K, 99% used [0x00000000ffb00000,0x00000000ffd7cf28,0x00000000ffd80000)
  to   space 2560K, 0% used [0x00000000ffd80000,0x00000000ffd80000,0x0000000100000000)
 ParOldGen       total 44032K, used 5698K [0x00000000fc000000, 0x00000000feb00000, 0x00000000feb00000)
  object space 44032K, 12% used [0x00000000fc000000,0x00000000fc5909b0,0x00000000feb00000)
 Metaspace       used 7841K, capacity 8072K, committed 8192K, reserved 1056768K
  class space    used 874K, capacity 970K, committed 1024K, reserved 1048576K
Event: 3.097 GC heap after
Heap after GC invocations=4 (full 0):
 PSYoungGen      total 18944K, used 2515K [0x00000000feb00000, 0x0000000100000000, 0x0000000100000000)
  eden space 16384K, 0% used [0x00000000feb00000,0x00000000feb00000,0x00000000ffb00000)
  from space 2560K, 98% used [0x00000000ffd80000,0x00000000ffff4f28,0x0000000100000000)
  to   space 2560K, 0% used [0x00000000ffb00000,0x00000000ffb00000,0x00000000ffd80000)
 ParOldGen       total 44032K, used 5698K [0x00000000fc000000, 0x00000000feb00000, 0x00000000feb00000)
  object space 44032K, 12% used [0x00000000fc000000,0x00000000fc5909b0,0x00000000feb00000)
 Metaspace       used 7841K, capacity 8072K, committed 8192K, reserved 1056768K
  class space    used 874K, capacity 970K, committed 1024K, reserved 1048576K
}
Event: 3.310 GC heap before
{Heap before GC invocations=5 (full 0):
 PSYoungGen      total 18944K, used 18899K [0x00000000feb00000, 0x0000000100000000, 0x0000000100000000)
  eden space 16384K, 100% used [0x00000000feb00000,0x00000000ffb00000,0x00000000ffb00000)
  from space 2560K, 98% used [0x00000000ffd80000,0x00000000ffff4f28,0x0000000100000000)
  to   space 2560K, 0% used [0x00000000ffb00000,0x00000000ffb00000,0x00000000ffd80000)
 ParOldGen       total 44032K, used 5698K [0x00000000fc000000, 0x00000000feb00000, 0x00000000feb00000)
  object space 44032K, 12% used [0x00000000fc000000,0x00000000fc5909b0,0x00000000feb00000)
 Metaspace       used 7871K, capacity 8136K, committed 8192K, reserved 1056768K
  class space    used 875K, capacity 970K, committed 1024K, reserved 1048576K
Event: 3.339 GC heap after
Heap after GC invocations=5 (full 0):
 PSYoungGen      total 18944K, used 2515K [0x00000000feb00000, 0x0000000100000000, 0x0000000100000000)
  eden space 16384K, 0% used [0x00000000feb00000,0x00000000feb00000,0x00000000ffb00000)
  from space 2560K, 98% used [0x00000000ffb00000,0x00000000ffd74f28,0x00000000ffd80000)
  to   space 2560K, 0% used [0x00000000ffd80000,0x00000000ffd80000,0x0000000100000000)
 ParOldGen       total 44032K, used 5706K [0x00000000fc000000, 0x00000000feb00000, 0x00000000feb00000)
  object space 44032K, 12% used [0x00000000fc000000,0x00000000fc5929b0,0x00000000feb00000)
 Metaspace       used 7871K, capacity 8136K, committed 8192K, reserved 1056768K
  class space    used 875K, capacity 970K, committed 1024K, reserved 1048576K
}
Event: 4.020 GC heap before
{Heap before GC invocations=6 (full 0):
 PSYoungGen      total 18944K, used 18899K [0x00000000feb00000, 0x0000000100000000, 0x0000000100000000)
  eden space 16384K, 100% used [0x00000000feb00000,0x00000000ffb00000,0x00000000ffb00000)
  from space 2560K, 98% used [0x00000000ffb00000,0x00000000ffd74f28,0x00000000ffd80000)
  to   space 2560K, 0% used [0x00000000ffd80000,0x00000000ffd80000,0x0000000100000000)
 ParOldGen       total 44032K, used 5706K [0x00000000fc000000, 0x00000000feb00000, 0x00000000feb00000)
  object space 44032K, 12% used [0x00000000fc000000,0x00000000fc5929b0,0x00000000feb00000)
 Metaspace       used 7881K, capacity 8136K, committed 8192K, reserved 1056768K
  class space    used 875K, capacity 970K, committed 1024K, reserved 1048576K
Event: 4.025 GC heap after
Heap after GC invocations=6 (full 0):
 PSYoungGen      total 10752K, used 2546K [0x00000000feb00000, 0x0000000100000000, 0x0000000100000000)
  eden space 8192K, 0% used [0x00000000feb00000,0x00000000feb00000,0x00000000ff300000)
  from space 2560K, 99% used [0x00000000ffd80000,0x00000000ffffca20,0x0000000100000000)
  to   space 6656K, 0% used [0x00000000ff300000,0x00000000ff300000,0x00000000ff980000)
 ParOldGen       total 44032K, used 5850K [0x00000000fc000000, 0x00000000feb00000, 0x00000000feb00000)
  object space 44032K, 13% used [0x00000000fc000000,0x00000000fc5b69b0,0x00000000feb00000)
 Metaspace       used 7881K, capacity 8136K, committed 8192K, reserved 1056768K
  class space    used 875K, capacity 970K, committed 1024K, reserved 1048576K
}
Event: 4.199 GC heap before
{Heap before GC invocations=7 (full 0):
 PSYoungGen      total 10752K, used 10738K [0x00000000feb00000, 0x0000000100000000, 0x0000000100000000)
  eden space 8192K, 100% used [0x00000000feb00000,0x00000000ff300000,0x00000000ff300000)
  from space 2560K, 99% used [0x00000000ffd80000,0x00000000ffffca20,0x0000000100000000)
  to   space 6656K, 0% used [0x00000000ff300000,0x00000000ff300000,0x00000000ff980000)
 ParOldGen       total 44032K, used 5850K [0x00000000fc000000, 0x00000000feb00000, 0x00000000feb00000)
  object space 44032K, 13% used [0x00000000fc000000,0x00000000fc5b69b0,0x00000000feb00000)
 Metaspace       used 7890K, capacity 8136K, committed 8192K, reserved 1056768K
  class space    used 875K, capacity 970K, committed 1024K, reserved 1048576K
Event: 4.285 GC heap after
Heap after GC invocations=7 (full 0):
 PSYoungGen      total 8704K, used 480K [0x00000000feb00000, 0x0000000100000000, 0x0000000100000000)
  eden space 8192K, 0% used [0x00000000feb00000,0x00000000feb00000,0x00000000ff300000)
  from space 512K, 93% used [0x00000000ff300000,0x00000000ff378000,0x00000000ff380000)
  to   space 7168K, 0% used [0x00000000ff900000,0x00000000ff900000,0x0000000100000000)
 ParOldGen       total 44032K, used 7954K [0x00000000fc000000, 0x00000000feb00000, 0x00000000feb00000)
  object space 44032K, 18% used [0x00000000fc000000,0x00000000fc7c4918,0x00000000feb00000)
 Metaspace       used 7890K, capacity 8136K, committed 8192K, reserved 1056768K
  class space    used 875K, capacity 970K, committed 1024K, reserved 1048576K
}

Deoptimization events (10 events):
Event: 3.107 Thread 0x0000000002ea8000 Uncommon trap: reason=bimorphic action=maybe_recompile pc=0x00000000033f1ca4 method=org.objectweb.asm.MethodVisitor.visitLocalVariable(Ljava/lang/String;Ljava/lang/String;Ljava/lang/String;Lorg/objectweb/asm/Label;Lorg/objectweb/asm/Label;I)V @ 20
Event: 3.109 Thread 0x0000000002ea8000 Uncommon trap: reason=bimorphic action=maybe_recompile pc=0x00000000033f1ca4 method=org.objectweb.asm.MethodVisitor.visitLocalVariable(Ljava/lang/String;Ljava/lang/String;Ljava/lang/String;Lorg/objectweb/asm/Label;Lorg/objectweb/asm/Label;I)V @ 20
Event: 3.109 Thread 0x0000000002ea8000 Uncommon trap: reason=bimorphic action=maybe_recompile pc=0x00000000033f1ca4 method=org.objectweb.asm.MethodVisitor.visitLocalVariable(Ljava/lang/String;Ljava/lang/String;Ljava/lang/String;Lorg/objectweb/asm/Label;Lorg/objectweb/asm/Label;I)V @ 20
Event: 3.109 Thread 0x0000000002ea8000 Uncommon trap: reason=bimorphic action=maybe_recompile pc=0x00000000033f1ca4 method=org.objectweb.asm.MethodVisitor.visitLocalVariable(Ljava/lang/String;Ljava/lang/String;Ljava/lang/String;Lorg/objectweb/asm/Label;Lorg/objectweb/asm/Label;I)V @ 20
Event: 3.176 Thread 0x0000000002ea8000 Uncommon trap: reason=unstable_if action=reinterpret pc=0x00000000033d29bc method=org.objectweb.asm.ClassReader.readUTF(II[C)Ljava/lang/String; @ 77
Event: 3.176 Thread 0x0000000002ea8000 Uncommon trap: reason=unstable_if action=reinterpret pc=0x00000000033d11fc method=org.objectweb.asm.ClassReader.readUTF(II[C)Ljava/lang/String; @ 77
Event: 3.179 Thread 0x0000000002ea8000 Uncommon trap: reason=unstable_if action=reinterpret pc=0x0000000003332914 method=org.objectweb.asm.ByteVector.putUTF8(Ljava/lang/String;)Lorg/objectweb/asm/ByteVector; @ 91
Event: 3.179 Thread 0x0000000002ea8000 Uncommon trap: reason=unstable_if action=reinterpret pc=0x00000000032cd0f8 method=org.objectweb.asm.ByteVector.putUTF8(Ljava/lang/String;)Lorg/objectweb/asm/ByteVector; @ 98
Event: 3.507 Thread 0x0000000002ea8000 Uncommon trap: reason=null_check action=make_not_entrant pc=0x000000000346bc64 method=com.google.devtools.build.android.desugar.InterfaceDesugaring$InterfaceInvocationRewriter.visitMethodInsn(ILjava/lang/String;Ljava/lang/String;Ljava/lang/String;Z)V @ 10
Event: 4.003 Thread 0x0000000002ea8000 Uncommon trap: reason=unstable_if action=reinterpret pc=0x00000000033f767c method=org.objectweb.asm.MethodWriter.visitFieldInsn(ILjava/lang/String;Ljava/lang/String;Ljava/lang/String;)V @ 112

Classes redefined (0 events):
No events

Internal exceptions (10 events):
Event: 3.296 Thread 0x0000000002ea8000 Exception <a 'sun/nio/fs/WindowsException'> (0x00000000ff873b58) thrown at [D:\src\AOSP-openjdk-cygwin\jdk8u\hotspot\src\share\vm\prims\jni.cpp, line 709]
Event: 3.483 Thread 0x0000000002ea8000 Exception <a 'sun/nio/fs/WindowsException'> (0x00000000fee96160) thrown at [D:\src\AOSP-openjdk-cygwin\jdk8u\hotspot\src\share\vm\prims\jni.cpp, line 709]
Event: 3.483 Thread 0x0000000002ea8000 Exception <a 'sun/nio/fs/WindowsException'> (0x00000000fee96668) thrown at [D:\src\AOSP-openjdk-cygwin\jdk8u\hotspot\src\share\vm\prims\jni.cpp, line 709]
Event: 3.507 Thread 0x0000000002ea8000 Implicit null exception at 0x000000000346c27b to 0x000000000346bbe5
Event: 3.664 Thread 0x0000000002ea8000 Exception <a 'sun/nio/fs/WindowsException'> (0x00000000ff1c91a8) thrown at [D:\src\AOSP-openjdk-cygwin\jdk8u\hotspot\src\share\vm\prims\jni.cpp, line 709]
Event: 3.664 Thread 0x0000000002ea8000 Exception <a 'sun/nio/fs/WindowsException'> (0x00000000ff1c96b0) thrown at [D:\src\AOSP-openjdk-cygwin\jdk8u\hotspot\src\share\vm\prims\jni.cpp, line 709]
Event: 3.935 Thread 0x0000000002ea8000 Exception <a 'sun/nio/fs/WindowsException'> (0x00000000ff25b3d0) thrown at [D:\src\AOSP-openjdk-cygwin\jdk8u\hotspot\src\share\vm\prims\jni.cpp, line 709]
Event: 3.935 Thread 0x0000000002ea8000 Exception <a 'sun/nio/fs/WindowsException'> (0x00000000ff25b8d8) thrown at [D:\src\AOSP-openjdk-cygwin\jdk8u\hotspot\src\share\vm\prims\jni.cpp, line 709]
Event: 4.036 Thread 0x0000000002ea8000 Exception <a 'sun/nio/fs/WindowsException'> (0x00000000feb88e88) thrown at [D:\src\AOSP-openjdk-cygwin\jdk8u\hotspot\src\share\vm\prims\jni.cpp, line 709]
Event: 4.036 Thread 0x0000000002ea8000 Exception <a 'sun/nio/fs/WindowsException'> (0x00000000feb89390) thrown at [D:\src\AOSP-openjdk-cygwin\jdk8u\hotspot\src\share\vm\prims\jni.cpp, line 709]

Events (10 events):
Event: 4.003 Thread 0x0000000002ea8000 DEOPT PACKING pc=0x00000000033f767c sp=0x0000000002e9ec50
Event: 4.003 Thread 0x0000000002ea8000 DEOPT UNPACKING pc=0x0000000002fe557b sp=0x0000000002e9ec18 mode 2
Event: 4.020 Executing VM operation: ParallelGCFailedAllocation
Event: 4.025 Executing VM operation: ParallelGCFailedAllocation done
Event: 4.099 Executing VM operation: EnableBiasedLocking
Event: 4.100 Executing VM operation: EnableBiasedLocking done
Event: 4.150 loading class com/google/devtools/build/android/desugar/DirectoryOutputFileProvider
Event: 4.150 loading class com/google/devtools/build/android/desugar/DirectoryOutputFileProvider done
Event: 4.199 Executing VM operation: ParallelGCFailedAllocation
Event: 4.285 Executing VM operation: ParallelGCFailedAllocation done


Dynamic libraries:
0x00007ff7a97b0000 - 0x00007ff7a97e1000 	C:\Program Files\Android\Android Studio\jre\bin\java.exe
0x00007ffd79bd0000 - 0x00007ffd79dab000 	C:\Windows\SYSTEM32\ntdll.dll
0x00007ffd79730000 - 0x00007ffd797de000 	C:\Windows\System32\KERNEL32.DLL
0x00007ffd769e0000 - 0x00007ffd76c29000 	C:\Windows\System32\KERNELBASE.dll
0x00007ffd77970000 - 0x00007ffd77a11000 	C:\Windows\System32\ADVAPI32.dll
0x00007ffd79940000 - 0x00007ffd799dd000 	C:\Windows\System32\msvcrt.dll
0x00007ffd792a0000 - 0x00007ffd792f9000 	C:\Windows\System32\sechost.dll
0x00007ffd797e0000 - 0x00007ffd79905000 	C:\Windows\System32\RPCRT4.dll
0x00007ffd775e0000 - 0x00007ffd7772a000 	C:\Windows\System32\USER32.dll
0x00007ffd761a0000 - 0x00007ffd761be000 	C:\Windows\System32\win32u.dll
0x00007ffd79590000 - 0x00007ffd795b7000 	C:\Windows\System32\GDI32.dll
0x00007ffd76fa0000 - 0x00007ffd77129000 	C:\Windows\System32\gdi32full.dll
0x00007ffd76c30000 - 0x00007ffd76cca000 	C:\Windows\System32\msvcp_win.dll
0x00007ffd76cd0000 - 0x00007ffd76dc6000 	C:\Windows\System32\ucrtbase.dll
0x00007ffd698f0000 - 0x00007ffd69b57000 	C:\Windows\WinSxS\amd64_microsoft.windows.common-controls_6595b64144ccf1df_6.0.15063.0_none_108e4f62dfe5d999\COMCTL32.dll
0x00007ffd77130000 - 0x00007ffd77429000 	C:\Windows\System32\combase.dll
0x00007ffd76210000 - 0x00007ffd7627a000 	C:\Windows\System32\bcryptPrimitives.dll
0x00007ffd79910000 - 0x00007ffd7993d000 	C:\Windows\System32\IMM32.DLL
0x0000000075a60000 - 0x0000000075b32000 	C:\Program Files\Android\Android Studio\jre\jre\bin\msvcr100.dll
0x0000000076160000 - 0x000000007699f000 	C:\Program Files\Android\Android Studio\jre\jre\bin\server\jvm.dll
0x00007ffd795d0000 - 0x00007ffd795d8000 	C:\Windows\System32\PSAPI.DLL
0x00007ffd63360000 - 0x00007ffd63369000 	C:\Windows\SYSTEM32\WSOCK32.dll
0x00007ffd743f0000 - 0x00007ffd74413000 	C:\Windows\SYSTEM32\WINMM.dll
0x00007ffd79300000 - 0x00007ffd7936c000 	C:\Windows\System32\WS2_32.dll
0x00007ffd71d00000 - 0x00007ffd71d0a000 	C:\Windows\SYSTEM32\VERSION.dll
0x00007ffd743c0000 - 0x00007ffd743eb000 	C:\Windows\SYSTEM32\WINMMBASE.dll
0x00007ffd761c0000 - 0x00007ffd76209000 	C:\Windows\System32\cfgmgr32.dll
0x00007ffd6bb20000 - 0x00007ffd6bb2f000 	C:\Program Files\Android\Android Studio\jre\jre\bin\verify.dll
0x00007ffd67680000 - 0x00007ffd676a9000 	C:\Program Files\Android\Android Studio\jre\jre\bin\java.dll
0x00007ffd67660000 - 0x00007ffd67676000 	C:\Program Files\Android\Android Studio\jre\jre\bin\zip.dll
0x00007ffd77e60000 - 0x00007ffd79297000 	C:\Windows\System32\SHELL32.dll
0x00007ffd794e0000 - 0x00007ffd7958a000 	C:\Windows\System32\shcore.dll
0x00007ffd762e0000 - 0x00007ffd769d2000 	C:\Windows\System32\windows.storage.dll
0x00007ffd77560000 - 0x00007ffd775b1000 	C:\Windows\System32\shlwapi.dll
0x00007ffd760b0000 - 0x00007ffd760c1000 	C:\Windows\System32\kernel.appcore.dll
0x00007ffd76060000 - 0x00007ffd760ac000 	C:\Windows\System32\powrprof.dll
0x00007ffd76040000 - 0x00007ffd76055000 	C:\Windows\System32\profapi.dll
0x00007ffd75af0000 - 0x00007ffd75b07000 	C:\Windows\SYSTEM32\CRYPTSP.dll
0x00007ffd75570000 - 0x00007ffd755a4000 	C:\Windows\system32\rsaenh.dll
0x00007ffd75c00000 - 0x00007ffd75c25000 	C:\Windows\SYSTEM32\bcrypt.dll
0x00007ffd75f70000 - 0x00007ffd75f99000 	C:\Windows\SYSTEM32\USERENV.dll
0x00007ffd75b10000 - 0x00007ffd75b1b000 	C:\Windows\SYSTEM32\CRYPTBASE.dll
0x00007ffd67640000 - 0x00007ffd6765a000 	C:\Program Files\Android\Android Studio\jre\jre\bin\net.dll
0x00007ffd75950000 - 0x00007ffd759ac000 	C:\Windows\system32\mswsock.dll
0x00007ffd756f0000 - 0x00007ffd75727000 	C:\Windows\SYSTEM32\IPHLPAPI.DLL
0x00007ffd795c0000 - 0x00007ffd795c8000 	C:\Windows\System32\NSI.dll
0x00007ffd6a350000 - 0x00007ffd6a366000 	C:\Windows\SYSTEM32\dhcpcsvc6.DLL
0x00007ffd6a850000 - 0x00007ffd6a86a000 	C:\Windows\SYSTEM32\dhcpcsvc.DLL
0x00007ffd67620000 - 0x00007ffd67631000 	C:\Program Files\Android\Android Studio\jre\jre\bin\nio.dll

VM Arguments:
jvm_args: -Djava.awt.headless=true -Xmx64M -Dfile.encoding=windows-1252 -Duser.country=IN -Duser.language=en -Duser.variant 
java_command: com.google.devtools.build.android.desugar.Desugar --input D:\udaanchallenge\BoxOfficeApp\app\build\intermediates\transforms\stackFramesFixer\release\22.jar --output D:\udaanchallenge\BoxOfficeApp\app\build\intermediates\transforms\desugar\release\23.jar --input D:\udaanchallenge\BoxOfficeApp\app\build\intermediates\transforms\stackFramesFixer\release\35.jar --output D:\udaanchallenge\BoxOfficeApp\app\build\intermediates\transforms\desugar\release\36.jar --input D:\udaanchallenge\BoxOfficeApp\app\build\intermediates\transforms\stackFramesFixer\release\43.jar --output D:\udaanchallenge\BoxOfficeApp\app\build\intermediates\transforms\desugar\release\44.jar --input D:\udaanchallenge\BoxOfficeApp\app\build\intermediates\transforms\stackFramesFixer\release\30.jar --output D:\udaanchallenge\BoxOfficeApp\app\build\intermediates\transforms\desugar\release\31.jar --input D:\udaanchallenge\BoxOfficeApp\app\build\intermediates\transforms\stackFramesFixer\release\1.jar --output D:\udaanchallenge\BoxOfficeApp\app\build\intermediates\transforms\desugar\release\2.jar --input D:\udaanchallenge\BoxOfficeApp\app\build\intermediates\transforms\stackFramesFixer\release\5.jar --output D:\udaanchallenge\BoxOfficeApp\app\build\intermediates\transforms\desugar\release\6.jar --input D:\udaanchallenge\BoxOfficeApp\app\build\intermediates\transforms\stackFramesFixer\release\21.jar --output D:\udaanchallenge\BoxOfficeApp\app\build\intermediates\transforms\desugar\release\22.jar --input D:\udaanchallenge\BoxOfficeApp\app\build\intermediates\transforms\stackFramesFixer\release\27.jar --output D:\udaanchallenge\BoxOfficeApp\app\build\intermediates\transforms\desugar\release\28.jar --input D:\udaanchallenge\BoxOfficeApp\app\build\intermediates\transforms\stackFramesFixer\release\51.jar --output D:\udaanchallenge\BoxOfficeApp\app\build\intermediates\transforms\desugar\release\52.jar --input D:\udaanchallenge\BoxOfficeApp\app\build\intermediates\transforms\stackFramesFixer\release\53.
java_class_path (initial): C:\Users\DELL\AppData\Local\Temp\desugar_deploy.jar7311870191807543969
Launcher Type: SUN_STANDARD

Environment Variables:
PATH=C:\Program Files (x86)\Common Files\Oracle\Java\javapath;C:\Program Files (x86)\Intel\Intel(R) Management Engine Components\iCLS\;C:\Program Files\Intel\Intel(R) Management Engine Components\iCLS\;C:\Windows\system32;C:\Windows;C:\Windows\System32\Wbem;C:\Windows\System32\WindowsPowerShell\v1.0\;C:\Program Files\Git\cmd;C:\Program Files (x86)\Intel\Intel(R) Management Engine Components\DAL;C:\Program Files\Intel\Intel(R) Management Engine Components\DAL;C:\Program Files (x86)\Intel\Intel(R) Management Engine Components\IPT;C:\Program Files\Intel\Intel(R) Management Engine Components\IPT;C:\Users\DELL\AppData\Local\Continuum\anaconda3;C:\Users\DELL\AppData\Local\Continuum\anaconda3\Library\mingw-w64\bin;C:\Users\DELL\AppData\Local\Continuum\anaconda3\Library\usr\bin;C:\Users\DELL\AppData\Local\Continuum\anaconda3\Library\bin;C:\Users\DELL\AppData\Local\Continuum\anaconda3\Scripts;C:\Users\DELL\AppData\Local\Microsoft\WindowsApps;C:\Program Files\heroku\bin
USERNAME=DELL
OS=Windows_NT
PROCESSOR_IDENTIFIER=Intel64 Family 6 Model 142 Stepping 9, GenuineIntel



---------------  S Y S T E M  ---------------

OS: Windows 10.0 , 64 bit Build 15063 (10.0.15063.0)

CPU:total 4 (initial active 4) (2 cores per cpu, 2 threads per core) family 6 model 142 stepping 9, cmov, cx8, fxsr, mmx, sse, sse2, sse3, ssse3, sse4.1, sse4.2, popcnt, avx, avx2, aes, clmul, erms, 3dnowpref, lzcnt, ht, tsc, tscinvbit, bmi1, bmi2, adx

Memory: 4k page, physical 16544080k(4671280k free), swap 48975052k(5160k free)

vm_info: OpenJDK 64-Bit Server VM (25.152-b02) for windows-amd64 JRE (1.8.0_152-release-1024-b02), built by "builder" with MS VC++ 10.0 (VS2010)

time: Sun Oct 14 20:30:40 2018
elapsed time: 4 seconds (0d 0h 0m 4s)

