#
# There is insufficient memory for the Java Runtime Environment to continue.
# Native memory allocation (malloc) failed to allocate 32744 bytes for ChunkPool::allocate
# Possible reasons:
#   The system is out of physical RAM or swap space
#   In 32 bit mode, the process size limit was hit
# Possible solutions:
#   Reduce memory load on the system
#   Increase physical memory or swap space
#   Check if swap backing store is full
#   Use 64 bit Java on a 64 bit OS
#   Decrease Java heap size (-Xmx/-Xms)
#   Decrease number of Java threads
#   Decrease Java thread stack sizes (-Xss)
#   Set larger code cache with -XX:ReservedCodeCacheSize=
# This output file may be truncated or incomplete.
#
#  Out of Memory Error (allocation.cpp:273), pid=18748, tid=0x0000000000001eb0
#
# JRE version: OpenJDK Runtime Environment (8.0_152-b02) (build 1.8.0_152-release-1024-b02)
# Java VM: OpenJDK 64-Bit Server VM (25.152-b02 mixed mode windows-amd64 compressed oops)
# Failed to write core dump. Minidumps are not enabled by default on client versions of Windows
#

---------------  T H R E A D  ---------------

Current thread (0x0000000013089000):  JavaThread "C1 CompilerThread2" daemon [_thread_in_vm, id=7856, stack(0x00000000148d0000,0x00000000149d0000)]

Stack: [0x00000000148d0000,0x00000000149d0000]
[error occurred during error reporting (printing stack bounds), id 0xc0000005]

Native frames: (J=compiled Java code, j=interpreted, Vv=VM code, C=native code)


Current CompileTask:
C1:   4574  987       3       org.objectweb.asm.MethodWriter::visitFrame (851 bytes)


---------------  P R O C E S S  ---------------

Java Threads: ( => current thread )
  0x00000000149f5000 JavaThread "Service Thread" daemon [_thread_blocked, id=32776, stack(0x0000000014dd0000,0x0000000014ed0000)]
=>0x0000000013089000 JavaThread "C1 CompilerThread2" daemon [_thread_in_vm, id=7856, stack(0x00000000148d0000,0x00000000149d0000)]
  0x0000000013082000 JavaThread "C2 CompilerThread1" daemon [_thread_blocked, id=27120, stack(0x00000000147d0000,0x00000000148d0000)]
  0x000000001308e000 JavaThread "C2 CompilerThread0" daemon [_thread_in_native, id=6248, stack(0x00000000146d0000,0x00000000147d0000)]
  0x000000001308c800 JavaThread "Attach Listener" daemon [_thread_blocked, id=30716, stack(0x00000000145d0000,0x00000000146d0000)]
  0x000000001308b000 JavaThread "Signal Dispatcher" daemon [_thread_blocked, id=7820, stack(0x00000000144d0000,0x00000000145d0000)]
  0x0000000002d1e800 JavaThread "Finalizer" daemon [_thread_blocked, id=12224, stack(0x00000000142e0000,0x00000000143e0000)]
  0x0000000002d18800 JavaThread "Reference Handler" daemon [_thread_blocked, id=21080, stack(0x00000000141e0000,0x00000000142e0000)]
  0x0000000002c28000 JavaThread "main" [_thread_blocked, id=6220, stack(0x0000000002b20000,0x0000000002c20000)]

Other Threads:
  0x0000000013044000 VMThread [stack: 0x00000000140e0000,0x00000000141e0000] [id=9268]
  0x00000000149f6800 WatcherThread [stack: 0x0000000014ed0000,0x0000000014fd0000] [id=15908]

VM state:not at safepoint (normal execution)

VM Mutex/Monitor currently owned by a thread:  ([mutex/lock_event])
[0x0000000002c26760] CompiledIC_lock - owner thread: 0x0000000013089000

Heap:
 PSYoungGen      total 18944K, used 9482K [0x00000000feb00000, 0x0000000100000000, 0x0000000100000000)
  eden space 16384K, 42% used [0x00000000feb00000,0x00000000ff1c9a08,0x00000000ffb00000)
  from space 2560K, 98% used [0x00000000ffd80000,0x00000000ffff8f50,0x0000000100000000)
  to   space 2560K, 0% used [0x00000000ffb00000,0x00000000ffb00000,0x00000000ffd80000)
 ParOldGen       total 44032K, used 5143K [0x00000000fc000000, 0x00000000feb00000, 0x00000000feb00000)
  object space 44032K, 11% used [0x00000000fc000000,0x00000000fc505f40,0x00000000feb00000)
 Metaspace       used 7662K, capacity 7876K, committed 7936K, reserved 1056768K
  class space    used 872K, capacity 970K, committed 1024K, reserved 1048576K

Card table byte_map: [0x0000000002a70000,0x0000000002aa0000] byte_map_base: 0x0000000002290000

Marking Bits: (ParMarkBitMap*) 0x0000000076924970
 Begin Bits: [0x00000000124e0000, 0x00000000125e0000)
 End Bits:   [0x00000000125e0000, 0x00000000126e0000)

Polling page: 0x0000000002a40000

CodeCache: size=245760Kb used=3741Kb max_used=3741Kb free=242018Kb
 bounds [0x0000000002d20000, 0x00000000030d0000, 0x0000000011d20000]
 total_blobs=1318 nmethods=985 adapters=246
 compilation: disabled (not enough contiguous free space left)

Compilation events (10 events):
Event: 4.564 Thread 0x0000000013089000 nmethod 982 0x00000000030c2310 code [0x00000000030c24e0, 0x00000000030c28d8]
Event: 4.565 Thread 0x0000000013089000  983       3       org.objectweb.asm.AnnotationWriter::<init> (34 bytes)
Event: 4.565 Thread 0x0000000013089000 nmethod 983 0x00000000030c1e10 code [0x00000000030c1f80, 0x00000000030c2208]
Event: 4.565 Thread 0x0000000013089000  984       3       org.objectweb.asm.MethodWriter::visitLdcInsn (184 bytes)
Event: 4.566 Thread 0x0000000013089000 nmethod 984 0x00000000030c1350 code [0x00000000030c1520, 0x00000000030c1b88]
Event: 4.566 Thread 0x0000000013089000  985       3       com.google.devtools.build.android.desugar.Java7Compatibility::visitInnerClass (19 bytes)
Event: 4.566 Thread 0x0000000013089000 nmethod 985 0x00000000030c0c90 code [0x00000000030c0e20, 0x00000000030c11f8]
Event: 4.567 Thread 0x0000000013089000  986       3       org.objectweb.asm.ClassWriter::visitInnerClass (120 bytes)
Event: 4.567 Thread 0x0000000013089000 nmethod 986 0x00000000030bff10 code [0x00000000030c0100, 0x00000000030c0868]
Event: 4.569 Thread 0x0000000013089000  987       3       org.objectweb.asm.MethodWriter::visitFrame (851 bytes)

GC Heap History (4 events):
Event: 1.698 GC heap before
{Heap before GC invocations=1 (full 0):
 PSYoungGen      total 18944K, used 16384K [0x00000000feb00000, 0x0000000100000000, 0x0000000100000000)
  eden space 16384K, 100% used [0x00000000feb00000,0x00000000ffb00000,0x00000000ffb00000)
  from space 2560K, 0% used [0x00000000ffd80000,0x00000000ffd80000,0x0000000100000000)
  to   space 2560K, 0% used [0x00000000ffb00000,0x00000000ffb00000,0x00000000ffd80000)
 ParOldGen       total 44032K, used 0K [0x00000000fc000000, 0x00000000feb00000, 0x00000000feb00000)
  object space 44032K, 0% used [0x00000000fc000000,0x00000000fc000000,0x00000000feb00000)
 Metaspace       used 6723K, capacity 6934K, committed 7040K, reserved 1056768K
  class space    used 791K, capacity 871K, committed 896K, reserved 1048576K
Event: 1.702 GC heap after
Heap after GC invocations=1 (full 0):
 PSYoungGen      total 18944K, used 2540K [0x00000000feb00000, 0x0000000100000000, 0x0000000100000000)
  eden space 16384K, 0% used [0x00000000feb00000,0x00000000feb00000,0x00000000ffb00000)
  from space 2560K, 99% used [0x00000000ffb00000,0x00000000ffd7b210,0x00000000ffd80000)
  to   space 2560K, 0% used [0x00000000ffd80000,0x00000000ffd80000,0x0000000100000000)
 ParOldGen       total 44032K, used 1154K [0x00000000fc000000, 0x00000000feb00000, 0x00000000feb00000)
  object space 44032K, 2% used [0x00000000fc000000,0x00000000fc120950,0x00000000feb00000)
 Metaspace       used 6723K, capacity 6934K, committed 7040K, reserved 1056768K
  class space    used 791K, capacity 871K, committed 896K, reserved 1048576K
}
Event: 2.076 GC heap before
{Heap before GC invocations=2 (full 0):
 PSYoungGen      total 18944K, used 18924K [0x00000000feb00000, 0x0000000100000000, 0x0000000100000000)
  eden space 16384K, 100% used [0x00000000feb00000,0x00000000ffb00000,0x00000000ffb00000)
  from space 2560K, 99% used [0x00000000ffb00000,0x00000000ffd7b210,0x00000000ffd80000)
  to   space 2560K, 0% used [0x00000000ffd80000,0x00000000ffd80000,0x0000000100000000)
 ParOldGen       total 44032K, used 1154K [0x00000000fc000000, 0x00000000feb00000, 0x00000000feb00000)
  object space 44032K, 2% used [0x00000000fc000000,0x00000000fc120950,0x00000000feb00000)
 Metaspace       used 7110K, capacity 7396K, committed 7680K, reserved 1056768K
  class space    used 827K, capacity 938K, committed 1024K, reserved 1048576K
Event: 2.129 GC heap after
Heap after GC invocations=2 (full 0):
 PSYoungGen      total 18944K, used 2531K [0x00000000feb00000, 0x0000000100000000, 0x0000000100000000)
  eden space 16384K, 0% used [0x00000000feb00000,0x00000000feb00000,0x00000000ffb00000)
  from space 2560K, 98% used [0x00000000ffd80000,0x00000000ffff8f50,0x0000000100000000)
  to   space 2560K, 0% used [0x00000000ffb00000,0x00000000ffb00000,0x00000000ffd80000)
 ParOldGen       total 44032K, used 5143K [0x00000000fc000000, 0x00000000feb00000, 0x00000000feb00000)
  object space 44032K, 11% used [0x00000000fc000000,0x00000000fc505f40,0x00000000feb00000)
 Metaspace       used 7110K, capacity 7396K, committed 7680K, reserved 1056768K
  class space    used 827K, capacity 938K, committed 1024K, reserved 1048576K
}

Deoptimization events (10 events):
Event: 1.677 Thread 0x0000000002c28000 Uncommon trap: reason=unstable_if action=reinterpret pc=0x0000000002f7b0b8 method=java.util.zip.ZipCoder.decoder()Ljava/nio/charset/CharsetDecoder; @ 4
Event: 1.677 Thread 0x0000000002c28000 Uncommon trap: reason=unstable_if action=reinterpret pc=0x0000000002f6a658 method=java.util.zip.ZipEntry.setExtra0([BZ)V @ 1
Event: 1.685 Thread 0x0000000002c28000 Uncommon trap: reason=unstable_if action=reinterpret pc=0x0000000002f78948 method=java.util.zip.ZipCoder.decoder()Ljava/nio/charset/CharsetDecoder; @ 4
Event: 1.687 Thread 0x0000000002c28000 Uncommon trap: reason=unstable_if action=reinterpret pc=0x0000000002f7651c method=java.util.zip.ZipCoder.decoder()Ljava/nio/charset/CharsetDecoder; @ 4
Event: 1.765 Thread 0x0000000002c28000 Uncommon trap: reason=unstable_if action=reinterpret pc=0x0000000002f72700 method=java.util.zip.ZipFile.getZipEntry(Ljava/lang/String;J)Ljava/util/zip/ZipEntry; @ 19
Event: 1.960 Thread 0x0000000002c28000 Uncommon trap: reason=unloaded action=reinterpret pc=0x0000000002f6f33c method=java.util.zip.ZipEntry.setExtra0([BZ)V @ 37
Event: 2.517 Thread 0x0000000002c28000 Uncommon trap: reason=unstable_if action=reinterpret pc=0x0000000002ec64b8 method=java.lang.String.<init>([CII)V @ 18
Event: 4.486 Thread 0x0000000002c28000 Uncommon trap: reason=unstable_if action=reinterpret pc=0x000000000307a2c0 method=org.objectweb.asm.Item.isEqualTo(Lorg/objectweb/asm/Item;)Z @ 251
Event: 4.493 Thread 0x0000000002c28000 Uncommon trap: reason=unstable_if action=reinterpret pc=0x000000000307c9cc method=org.objectweb.asm.Type.getArgumentsAndReturnSizes(Ljava/lang/String;)I @ 130
Event: 4.505 Thread 0x0000000002c28000 Uncommon trap: reason=unstable_if action=reinterpret pc=0x00000000030a0518 method=org.objectweb.asm.MethodWriter.visitVarInsn(II)V @ 142

Classes redefined (0 events):
No events

Internal exceptions (10 events):
Event: 3.132 Thread 0x0000000002c28000 Exception <a 'sun/nio/fs/WindowsException'> (0x00000000fece4b50) thrown at [D:\src\AOSP-openjdk-cygwin\jdk8u\hotspot\src\share\vm\prims\jni.cpp, line 709]
Event: 3.132 Thread 0x0000000002c28000 Exception <a 'sun/nio/fs/WindowsException'> (0x00000000fece5058) thrown at [D:\src\AOSP-openjdk-cygwin\jdk8u\hotspot\src\share\vm\prims\jni.cpp, line 709]
Event: 3.501 Thread 0x0000000002c28000 Exception <a 'sun/nio/fs/WindowsException'> (0x00000000fed39c48) thrown at [D:\src\AOSP-openjdk-cygwin\jdk8u\hotspot\src\share\vm\prims\jni.cpp, line 709]
Event: 3.501 Thread 0x0000000002c28000 Exception <a 'sun/nio/fs/WindowsException'> (0x00000000fed3a150) thrown at [D:\src\AOSP-openjdk-cygwin\jdk8u\hotspot\src\share\vm\prims\jni.cpp, line 709]
Event: 4.080 Thread 0x0000000002c28000 Exception <a 'sun/nio/fs/WindowsException'> (0x00000000fedda778) thrown at [D:\src\AOSP-openjdk-cygwin\jdk8u\hotspot\src\share\vm\prims\jni.cpp, line 709]
Event: 4.080 Thread 0x0000000002c28000 Exception <a 'sun/nio/fs/WindowsException'> (0x00000000feddac80) thrown at [D:\src\AOSP-openjdk-cygwin\jdk8u\hotspot\src\share\vm\prims\jni.cpp, line 709]
Event: 4.313 Thread 0x0000000002c28000 Exception <a 'sun/nio/fs/WindowsException'> (0x00000000fee10160) thrown at [D:\src\AOSP-openjdk-cygwin\jdk8u\hotspot\src\share\vm\prims\jni.cpp, line 709]
Event: 4.313 Thread 0x0000000002c28000 Exception <a 'sun/nio/fs/WindowsException'> (0x00000000fee10668) thrown at [D:\src\AOSP-openjdk-cygwin\jdk8u\hotspot\src\share\vm\prims\jni.cpp, line 709]
Event: 4.470 Thread 0x0000000002c28000 Exception <a 'sun/nio/fs/WindowsException'> (0x00000000fee1c718) thrown at [D:\src\AOSP-openjdk-cygwin\jdk8u\hotspot\src\share\vm\prims\jni.cpp, line 709]
Event: 4.470 Thread 0x0000000002c28000 Exception <a 'sun/nio/fs/WindowsException'> (0x00000000fee1cc20) thrown at [D:\src\AOSP-openjdk-cygwin\jdk8u\hotspot\src\share\vm\prims\jni.cpp, line 709]

Events (10 events):
Event: 4.101 Executing VM operation: EnableBiasedLocking done
Event: 4.486 Thread 0x0000000002c28000 Uncommon trap: trap_request=0xffffff65 fr.pc=0x000000000307a2c0
Event: 4.486 Thread 0x0000000002c28000 DEOPT PACKING pc=0x000000000307a2c0 sp=0x0000000002c1e640
Event: 4.486 Thread 0x0000000002c28000 DEOPT UNPACKING pc=0x0000000002d6557b sp=0x0000000002c1e5d8 mode 2
Event: 4.493 Thread 0x0000000002c28000 Uncommon trap: trap_request=0xffffff65 fr.pc=0x000000000307c9cc
Event: 4.493 Thread 0x0000000002c28000 DEOPT PACKING pc=0x000000000307c9cc sp=0x0000000002c1e9c0
Event: 4.493 Thread 0x0000000002c28000 DEOPT UNPACKING pc=0x0000000002d6557b sp=0x0000000002c1e958 mode 2
Event: 4.505 Thread 0x0000000002c28000 Uncommon trap: trap_request=0xffffff65 fr.pc=0x00000000030a0518
Event: 4.505 Thread 0x0000000002c28000 DEOPT PACKING pc=0x00000000030a0518 sp=0x0000000002c1e970
Event: 4.505 Thread 0x0000000002c28000 DEOPT UNPACKING pc=0x0000000002d6557b sp=0x0000000002c1e850 mode 2


Dynamic libraries:
0x00007ff7a97b0000 - 0x00007ff7a97e1000 	C:\Program Files\Android\Android Studio\jre\bin\java.exe
0x00007ffd79bd0000 - 0x00007ffd79dab000 	C:\Windows\SYSTEM32\ntdll.dll
0x00007ffd79730000 - 0x00007ffd797de000 	C:\Windows\System32\KERNEL32.DLL
0x00007ffd769e0000 - 0x00007ffd76c29000 	C:\Windows\System32\KERNELBASE.dll
0x00007ffd77970000 - 0x00007ffd77a11000 	C:\Windows\System32\ADVAPI32.dll
0x00007ffd79940000 - 0x00007ffd799dd000 	C:\Windows\System32\msvcrt.dll
0x00007ffd792a0000 - 0x00007ffd792f9000 	C:\Windows\System32\sechost.dll
0x00007ffd797e0000 - 0x00007ffd79905000 	C:\Windows\System32\RPCRT4.dll
0x00007ffd775e0000 - 0x00007ffd7772a000 	C:\Windows\System32\USER32.dll
0x00007ffd761a0000 - 0x00007ffd761be000 	C:\Windows\System32\win32u.dll
0x00007ffd79590000 - 0x00007ffd795b7000 	C:\Windows\System32\GDI32.dll
0x00007ffd76fa0000 - 0x00007ffd77129000 	C:\Windows\System32\gdi32full.dll
0x00007ffd76c30000 - 0x00007ffd76cca000 	C:\Windows\System32\msvcp_win.dll
0x00007ffd76cd0000 - 0x00007ffd76dc6000 	C:\Windows\System32\ucrtbase.dll
0x00007ffd698f0000 - 0x00007ffd69b57000 	C:\Windows\WinSxS\amd64_microsoft.windows.common-controls_6595b64144ccf1df_6.0.15063.0_none_108e4f62dfe5d999\COMCTL32.dll
0x00007ffd77130000 - 0x00007ffd77429000 	C:\Windows\System32\combase.dll
0x00007ffd76210000 - 0x00007ffd7627a000 	C:\Windows\System32\bcryptPrimitives.dll
0x00007ffd79910000 - 0x00007ffd7993d000 	C:\Windows\System32\IMM32.DLL
0x0000000075a60000 - 0x0000000075b32000 	C:\Program Files\Android\Android Studio\jre\jre\bin\msvcr100.dll
0x0000000076160000 - 0x000000007699f000 	C:\Program Files\Android\Android Studio\jre\jre\bin\server\jvm.dll
0x00007ffd795d0000 - 0x00007ffd795d8000 	C:\Windows\System32\PSAPI.DLL
0x00007ffd63360000 - 0x00007ffd63369000 	C:\Windows\SYSTEM32\WSOCK32.dll
0x00007ffd743f0000 - 0x00007ffd74413000 	C:\Windows\SYSTEM32\WINMM.dll
0x00007ffd79300000 - 0x00007ffd7936c000 	C:\Windows\System32\WS2_32.dll
0x00007ffd71d00000 - 0x00007ffd71d0a000 	C:\Windows\SYSTEM32\VERSION.dll
0x00007ffd743c0000 - 0x00007ffd743eb000 	C:\Windows\SYSTEM32\WINMMBASE.dll
0x00007ffd761c0000 - 0x00007ffd76209000 	C:\Windows\System32\cfgmgr32.dll
0x00007ffd6bb20000 - 0x00007ffd6bb2f000 	C:\Program Files\Android\Android Studio\jre\jre\bin\verify.dll
0x00007ffd67680000 - 0x00007ffd676a9000 	C:\Program Files\Android\Android Studio\jre\jre\bin\java.dll
0x00007ffd67660000 - 0x00007ffd67676000 	C:\Program Files\Android\Android Studio\jre\jre\bin\zip.dll
0x00007ffd77e60000 - 0x00007ffd79297000 	C:\Windows\System32\SHELL32.dll
0x00007ffd794e0000 - 0x00007ffd7958a000 	C:\Windows\System32\shcore.dll
0x00007ffd762e0000 - 0x00007ffd769d2000 	C:\Windows\System32\windows.storage.dll
0x00007ffd77560000 - 0x00007ffd775b1000 	C:\Windows\System32\shlwapi.dll
0x00007ffd760b0000 - 0x00007ffd760c1000 	C:\Windows\System32\kernel.appcore.dll
0x00007ffd76060000 - 0x00007ffd760ac000 	C:\Windows\System32\powrprof.dll
0x00007ffd76040000 - 0x00007ffd76055000 	C:\Windows\System32\profapi.dll
0x00007ffd75af0000 - 0x00007ffd75b07000 	C:\Windows\SYSTEM32\CRYPTSP.dll
0x00007ffd75570000 - 0x00007ffd755a4000 	C:\Windows\system32\rsaenh.dll
0x00007ffd75c00000 - 0x00007ffd75c25000 	C:\Windows\SYSTEM32\bcrypt.dll
0x00007ffd75f70000 - 0x00007ffd75f99000 	C:\Windows\SYSTEM32\USERENV.dll
0x00007ffd75b10000 - 0x00007ffd75b1b000 	C:\Windows\SYSTEM32\CRYPTBASE.dll
0x00007ffd67640000 - 0x00007ffd6765a000 	C:\Program Files\Android\Android Studio\jre\jre\bin\net.dll
0x00007ffd75950000 - 0x00007ffd759ac000 	C:\Windows\system32\mswsock.dll
0x00007ffd756f0000 - 0x00007ffd75727000 	C:\Windows\SYSTEM32\IPHLPAPI.DLL
0x00007ffd795c0000 - 0x00007ffd795c8000 	C:\Windows\System32\NSI.dll
0x00007ffd6a350000 - 0x00007ffd6a366000 	C:\Windows\SYSTEM32\dhcpcsvc6.DLL
0x00007ffd6a850000 - 0x00007ffd6a86a000 	C:\Windows\SYSTEM32\dhcpcsvc.DLL
0x00007ffd67620000 - 0x00007ffd67631000 	C:\Program Files\Android\Android Studio\jre\jre\bin\nio.dll

VM Arguments:
jvm_args: -Djava.awt.headless=true -Xmx64M -Dfile.encoding=windows-1252 -Duser.country=IN -Duser.language=en -Duser.variant 
java_command: com.google.devtools.build.android.desugar.Desugar --input D:\udaanchallenge\BoxOfficeApp\app\build\intermediates\transforms\stackFramesFixer\release\73.jar --output D:\udaanchallenge\BoxOfficeApp\app\build\intermediates\transforms\desugar\release\74.jar --input D:\udaanchallenge\BoxOfficeApp\app\build\intermediates\transforms\stackFramesFixer\release\57.jar --output D:\udaanchallenge\BoxOfficeApp\app\build\intermediates\transforms\desugar\release\58.jar --input D:\udaanchallenge\BoxOfficeApp\app\build\intermediates\transforms\stackFramesFixer\release\44.jar --output D:\udaanchallenge\BoxOfficeApp\app\build\intermediates\transforms\desugar\release\45.jar --input D:\udaanchallenge\BoxOfficeApp\app\build\intermediates\transforms\stackFramesFixer\release\64.jar --output D:\udaanchallenge\BoxOfficeApp\app\build\intermediates\transforms\desugar\release\65.jar --input D:\udaanchallenge\BoxOfficeApp\app\build\intermediates\transforms\stackFramesFixer\release\66.jar --output D:\udaanchallenge\BoxOfficeApp\app\build\intermediates\transforms\desugar\release\67.jar --input D:\udaanchallenge\BoxOfficeApp\app\build\intermediates\transforms\stackFramesFixer\release\7.jar --output D:\udaanchallenge\BoxOfficeApp\app\build\intermediates\transforms\desugar\release\8.jar --input D:\udaanchallenge\BoxOfficeApp\app\build\intermediates\transforms\stackFramesFixer\release\34.jar --output D:\udaanchallenge\BoxOfficeApp\app\build\intermediates\transforms\desugar\release\35.jar --input D:\udaanchallenge\BoxOfficeApp\app\build\intermediates\transforms\stackFramesFixer\release\70.jar --output D:\udaanchallenge\BoxOfficeApp\app\build\intermediates\transforms\desugar\release\71.jar --input D:\udaanchallenge\BoxOfficeApp\app\build\intermediates\transforms\stackFramesFixer\release\56.jar --output D:\udaanchallenge\BoxOfficeApp\app\build\intermediates\transforms\desugar\release\57.jar --input D:\udaanchallenge\BoxOfficeApp\app\build\intermediates\transforms\stackFramesFixer\release\6
java_class_path (initial): C:\Users\DELL\AppData\Local\Temp\desugar_deploy.jar7311870191807543969
Launcher Type: SUN_STANDARD

Environment Variables:
PATH=C:\Program Files (x86)\Common Files\Oracle\Java\javapath;C:\Program Files (x86)\Intel\Intel(R) Management Engine Components\iCLS\;C:\Program Files\Intel\Intel(R) Management Engine Components\iCLS\;C:\Windows\system32;C:\Windows;C:\Windows\System32\Wbem;C:\Windows\System32\WindowsPowerShell\v1.0\;C:\Program Files\Git\cmd;C:\Program Files (x86)\Intel\Intel(R) Management Engine Components\DAL;C:\Program Files\Intel\Intel(R) Management Engine Components\DAL;C:\Program Files (x86)\Intel\Intel(R) Management Engine Components\IPT;C:\Program Files\Intel\Intel(R) Management Engine Components\IPT;C:\Users\DELL\AppData\Local\Continuum\anaconda3;C:\Users\DELL\AppData\Local\Continuum\anaconda3\Library\mingw-w64\bin;C:\Users\DELL\AppData\Local\Continuum\anaconda3\Library\usr\bin;C:\Users\DELL\AppData\Local\Continuum\anaconda3\Library\bin;C:\Users\DELL\AppData\Local\Continuum\anaconda3\Scripts;C:\Users\DELL\AppData\Local\Microsoft\WindowsApps;C:\Program Files\heroku\bin
USERNAME=DELL
OS=Windows_NT
PROCESSOR_IDENTIFIER=Intel64 Family 6 Model 142 Stepping 9, GenuineIntel



---------------  S Y S T E M  ---------------

OS: Windows 10.0 , 64 bit Build 15063 (10.0.15063.0)

CPU:total 4 (initial active 4) (2 cores per cpu, 2 threads per core) family 6 model 142 stepping 9, cmov, cx8, fxsr, mmx, sse, sse2, sse3, ssse3, sse4.1, sse4.2, popcnt, avx, avx2, aes, clmul, erms, 3dnowpref, lzcnt, ht, tsc, tscinvbit, bmi1, bmi2, adx

Memory: 4k page, physical 16544080k(4667596k free), swap 48975052k(4104k free)

vm_info: OpenJDK 64-Bit Server VM (25.152-b02) for windows-amd64 JRE (1.8.0_152-release-1024-b02), built by "builder" with MS VC++ 10.0 (VS2010)

time: Sun Oct 14 20:30:40 2018
elapsed time: 4 seconds (0d 0h 0m 4s)

